<?xml version="1.0" encoding="UTF-8"?>
<coverage generated="1576957618928" clover="3.2.0">
  <project timestamp="1576957618928" name="All files">
    <metrics statements="168" coveredstatements="168" conditionals="54" coveredconditionals="47" methods="29" coveredmethods="29" elements="251" coveredelements="244" complexity="0" loc="168" ncloc="168" packages="6" files="11" classes="11"/>
    <package name="modules.definitions">
      <metrics statements="11" coveredstatements="11" conditionals="6" coveredconditionals="6" methods="2" coveredmethods="2"/>
      <file name="generate-possible-definitions.js" path="D:\Final Project\version1\modules\definitions\generate-possible-definitions.js">
        <metrics statements="11" coveredstatements="11" conditionals="6" coveredconditionals="6" methods="2" coveredmethods="2"/>
        <line num="10" count="56" type="stmt"/>
        <line num="11" count="56" type="cond" truecount="2" falsecount="0"/>
        <line num="12" count="4" type="stmt"/>
        <line num="14" count="56" type="stmt"/>
        <line num="15" count="368" type="cond" truecount="2" falsecount="0"/>
        <line num="16" count="55" type="stmt"/>
        <line num="17" count="55" type="stmt"/>
        <line num="18" count="14402" type="cond" truecount="2" falsecount="0"/>
        <line num="19" count="1581" type="stmt"/>
        <line num="25" count="56" type="stmt"/>
        <line num="28" count="16" type="stmt"/>
      </file>
    </package>
    <package name="modules.double-definition">
      <metrics statements="12" coveredstatements="12" conditionals="2" coveredconditionals="2" methods="2" coveredmethods="2"/>
      <file name="double-definition-solutions.js" path="D:\Final Project\version1\modules\double-definition\double-definition-solutions.js">
        <metrics statements="12" coveredstatements="12" conditionals="2" coveredconditionals="2" methods="2" coveredmethods="2"/>
        <line num="1" count="15" type="stmt"/>
        <line num="15" count="27" type="stmt"/>
        <line num="16" count="27" type="stmt"/>
        <line num="21" count="27" type="stmt"/>
        <line num="27" count="27" type="stmt"/>
        <line num="28" count="790" type="cond" truecount="2" falsecount="0"/>
        <line num="29" count="64" type="stmt"/>
        <line num="30" count="64" type="stmt"/>
        <line num="31" count="64" type="stmt"/>
        <line num="32" count="64" type="stmt"/>
        <line num="36" count="27" type="stmt"/>
        <line num="39" count="15" type="stmt"/>
      </file>
    </package>
    <package name="modules.format">
      <metrics statements="68" coveredstatements="68" conditionals="24" coveredconditionals="21" methods="8" coveredmethods="8"/>
      <file name="possible-combinations.js" path="D:\Final Project\version1\modules\format\possible-combinations.js">
        <metrics statements="58" coveredstatements="58" conditionals="22" coveredconditionals="19" methods="4" coveredmethods="4"/>
        <line num="8" count="17" type="stmt"/>
        <line num="9" count="17" type="stmt"/>
        <line num="11" count="17" type="stmt"/>
        <line num="12" count="17" type="stmt"/>
        <line num="13" count="48" type="cond" truecount="2" falsecount="0"/>
        <line num="14" count="32" type="stmt"/>
        <line num="16" count="48" type="stmt"/>
        <line num="17" count="48" type="stmt"/>
        <line num="18" count="57" type="stmt"/>
        <line num="21" count="48" type="cond" truecount="2" falsecount="0"/>
        <line num="22" count="32" type="stmt"/>
        <line num="23" count="32" type="stmt"/>
        <line num="24" count="57" type="cond" truecount="1" falsecount="1"/>
        <line num="25" count="57" type="stmt"/>
        <line num="27" count="57" type="stmt"/>
        <line num="28" count="57" type="stmt"/>
        <line num="29" count="57" type="stmt"/>
        <line num="30" count="36" type="stmt"/>
        <line num="32" count="57" type="stmt"/>
        <line num="33" count="57" type="stmt"/>
        <line num="34" count="57" type="stmt"/>
        <line num="35" count="93" type="stmt"/>
        <line num="37" count="57" type="cond" truecount="1" falsecount="1"/>
        <line num="38" count="57" type="stmt"/>
        <line num="44" count="17" type="stmt"/>
        <line num="46" count="17" type="stmt"/>
        <line num="47" count="48" type="cond" truecount="2" falsecount="0"/>
        <line num="48" count="32" type="stmt"/>
        <line num="50" count="48" type="stmt"/>
        <line num="51" count="48" type="stmt"/>
        <line num="52" count="57" type="stmt"/>
        <line num="55" count="48" type="cond" truecount="2" falsecount="0"/>
        <line num="56" count="32" type="stmt"/>
        <line num="57" count="32" type="stmt"/>
        <line num="58" count="57" type="cond" truecount="1" falsecount="1"/>
        <line num="59" count="57" type="stmt"/>
        <line num="61" count="57" type="stmt"/>
        <line num="62" count="57" type="stmt"/>
        <line num="63" count="57" type="stmt"/>
        <line num="64" count="36" type="stmt"/>
        <line num="66" count="57" type="stmt"/>
        <line num="68" count="57" type="stmt"/>
        <line num="69" count="93" type="stmt"/>
        <line num="71" count="57" type="stmt"/>
        <line num="72" count="57" type="cond" truecount="2" falsecount="0"/>
        <line num="73" count="9" type="stmt"/>
        <line num="79" count="17" type="stmt"/>
        <line num="91" count="114" type="stmt"/>
        <line num="92" count="114" type="stmt"/>
        <line num="93" count="526" type="cond" truecount="2" falsecount="0"/>
        <line num="94" count="167" type="stmt"/>
        <line num="95" count="167" type="stmt"/>
        <line num="96" count="411" type="cond" truecount="2" falsecount="0"/>
        <line num="97" count="257" type="stmt"/>
        <line num="100" count="167" type="cond" truecount="2" falsecount="0"/>
        <line num="101" count="48" type="stmt"/>
        <line num="105" count="114" type="stmt"/>
        <line num="108" count="15" type="stmt"/>
      </file>
      <file name="split-words.js" path="D:\Final Project\version1\modules\format\split-words.js">
        <metrics statements="7" coveredstatements="7" conditionals="2" coveredconditionals="2" methods="3" coveredmethods="3"/>
        <line num="9" count="64" type="stmt"/>
        <line num="10" count="17" type="stmt"/>
        <line num="11" count="17" type="stmt"/>
        <line num="12" count="64" type="cond" truecount="2" falsecount="0"/>
        <line num="13" count="50" type="stmt"/>
        <line num="16" count="17" type="stmt"/>
        <line num="19" count="15" type="stmt"/>
      </file>
      <file name="validate-clue.js" path="D:\Final Project\version1\modules\format\validate-clue.js">
        <metrics statements="3" coveredstatements="3" conditionals="0" coveredconditionals="0" methods="1" coveredmethods="1"/>
        <line num="9" count="18" type="stmt"/>
        <line num="10" count="18" type="stmt"/>
        <line num="13" count="15" type="stmt"/>
      </file>
    </package>
    <package name="modules.solution">
      <metrics statements="37" coveredstatements="37" conditionals="8" coveredconditionals="7" methods="7" coveredmethods="7"/>
      <file name="does-solution-exist.js" path="D:\Final Project\version1\modules\solution\does-solution-exist.js">
        <metrics statements="6" coveredstatements="6" conditionals="2" coveredconditionals="2" methods="2" coveredmethods="2"/>
        <line num="2" count="110" type="stmt"/>
        <line num="3" count="110" type="stmt"/>
        <line num="4" count="338" type="cond" truecount="2" falsecount="0"/>
        <line num="7" count="8" type="stmt"/>
        <line num="10" count="110" type="stmt"/>
        <line num="13" count="15" type="stmt"/>
      </file>
      <file name="generate-current-solution.js" path="D:\Final Project\version1\modules\solution\generate-current-solution.js">
        <metrics statements="10" coveredstatements="10" conditionals="4" coveredconditionals="3" methods="2" coveredmethods="2"/>
        <line num="1" count="14" type="stmt"/>
        <line num="2" count="14" type="stmt"/>
        <line num="9" count="50" type="stmt"/>
        <line num="12" count="50" type="cond" truecount="2" falsecount="0"/>
        <line num="13" count="26" type="stmt"/>
        <line num="19" count="26" type="stmt"/>
        <line num="20" count="54" type="cond" truecount="1" falsecount="1"/>
        <line num="21" count="54" type="stmt"/>
        <line num="26" count="50" type="stmt"/>
        <line num="29" count="14" type="stmt"/>
      </file>
      <file name="generate-solution.js" path="D:\Final Project\version1\modules\solution\generate-solution.js">
        <metrics statements="21" coveredstatements="21" conditionals="2" coveredconditionals="2" methods="3" coveredmethods="3"/>
        <line num="1" count="14" type="stmt"/>
        <line num="2" count="14" type="stmt"/>
        <line num="3" count="14" type="stmt"/>
        <line num="4" count="14" type="stmt"/>
        <line num="5" count="14" type="stmt"/>
        <line num="6" count="14" type="stmt"/>
        <line num="8" count="14" type="stmt"/>
        <line num="24" count="14" type="stmt"/>
        <line num="25" count="14" type="stmt"/>
        <line num="26" count="14" type="stmt"/>
        <line num="27" count="50" type="stmt"/>
        <line num="32" count="50" type="stmt"/>
        <line num="33" count="54" type="cond" truecount="2" falsecount="0"/>
        <line num="34" count="47" type="stmt"/>
        <line num="38" count="14" type="stmt"/>
        <line num="54" count="14" type="stmt"/>
        <line num="55" count="14" type="stmt"/>
        <line num="56" count="14" type="stmt"/>
        <line num="57" count="14" type="stmt"/>
        <line num="58" count="14" type="stmt"/>
        <line num="61" count="14" type="stmt"/>
      </file>
    </package>
    <package name="modules.thesaurus">
      <metrics statements="34" coveredstatements="34" conditionals="12" coveredconditionals="9" methods="8" coveredmethods="8"/>
      <file name="generate-synonyms.js" path="D:\Final Project\version1\modules\thesaurus\generate-synonyms.js">
        <metrics statements="27" coveredstatements="27" conditionals="10" coveredconditionals="7" methods="5" coveredmethods="5"/>
        <line num="1" count="16" type="stmt"/>
        <line num="2" count="16" type="stmt"/>
        <line num="10" count="16" type="stmt"/>
        <line num="11" count="16" type="stmt"/>
        <line num="12" count="74" type="stmt"/>
        <line num="15" count="16" type="stmt"/>
        <line num="17" count="16" type="stmt"/>
        <line num="18" count="16" type="stmt"/>
        <line num="19" count="74" type="stmt"/>
        <line num="20" count="74" type="stmt"/>
        <line num="21" count="74" type="stmt"/>
        <line num="23" count="74" type="stmt"/>
        <line num="24" count="74" type="stmt"/>
        <line num="25" count="74" type="stmt"/>
        <line num="27" count="74" type="cond" truecount="1" falsecount="1"/>
        <line num="28" count="74" type="stmt"/>
        <line num="29" count="10765" type="cond" truecount="1" falsecount="1"/>
        <line num="33" count="74" type="cond" truecount="1" falsecount="1"/>
        <line num="34" count="74" type="stmt"/>
        <line num="35" count="6332" type="cond" truecount="2" falsecount="0"/>
        <line num="39" count="74" type="stmt"/>
        <line num="40" count="7121" type="cond" truecount="2" falsecount="0"/>
        <line num="43" count="74" type="stmt"/>
        <line num="44" count="74" type="stmt"/>
        <line num="45" count="74" type="stmt"/>
        <line num="48" count="16" type="stmt"/>
        <line num="51" count="16" type="stmt"/>
      </file>
      <file name="unique-phrases.js" path="D:\Final Project\version1\modules\thesaurus\unique-phrases.js">
        <metrics statements="7" coveredstatements="7" conditionals="2" coveredconditionals="2" methods="3" coveredmethods="3"/>
        <line num="9" count="16" type="stmt"/>
        <line num="10" count="16" type="stmt"/>
        <line num="11" count="54" type="stmt"/>
        <line num="12" count="139" type="cond" truecount="2" falsecount="0"/>
        <line num="13" count="75" type="stmt"/>
        <line num="18" count="16" type="stmt"/>
        <line num="21" count="15" type="stmt"/>
      </file>
    </package>
    <package name="tests.solution">
      <metrics statements="6" coveredstatements="6" conditionals="2" coveredconditionals="2" methods="2" coveredmethods="2"/>
      <file name="solution-contains.js" path="D:\Final Project\version1\tests\solution\solution-contains.js">
        <metrics statements="6" coveredstatements="6" conditionals="2" coveredconditionals="2" methods="2" coveredmethods="2"/>
        <line num="9" count="14" type="stmt"/>
        <line num="10" count="14" type="stmt"/>
        <line num="11" count="47" type="cond" truecount="2" falsecount="0"/>
        <line num="12" count="14" type="stmt"/>
        <line num="16" count="14" type="stmt"/>
        <line num="19" count="14" type="stmt"/>
      </file>
    </package>
  </project>
</coverage>
