{"D:\\Final Project\\version1\\modules\\anagram\\anagram-solutions.js": {"path":"D:\\Final Project\\version1\\modules\\anagram\\anagram-solutions.js","statementMap":{"0":{"start":{"line":1,"column":21},"end":{"line":1,"column":47}},"1":{"start":{"line":2,"column":20},"end":{"line":2,"column":56}},"2":{"start":{"line":11,"column":21},"end":{"line":11,"column":32}},"3":{"start":{"line":13,"column":2},"end":{"line":37,"column":3}},"4":{"start":{"line":13,"column":15},"end":{"line":13,"column":16}},"5":{"start":{"line":14,"column":24},"end":{"line":14,"column":45}},"6":{"start":{"line":15,"column":4},"end":{"line":36,"column":7}},"7":{"start":{"line":17,"column":6},"end":{"line":23,"column":7}},"8":{"start":{"line":18,"column":30},"end":{"line":18,"column":41}},"9":{"start":{"line":19,"column":8},"end":{"line":19,"column":70}},"10":{"start":{"line":20,"column":8},"end":{"line":20,"column":46}},"11":{"start":{"line":21,"column":8},"end":{"line":21,"column":76}},"12":{"start":{"line":22,"column":8},"end":{"line":22,"column":43}},"13":{"start":{"line":26,"column":28},"end":{"line":26,"column":67}},"14":{"start":{"line":27,"column":6},"end":{"line":35,"column":9}},"15":{"start":{"line":28,"column":8},"end":{"line":34,"column":9}},"16":{"start":{"line":29,"column":32},"end":{"line":29,"column":43}},"17":{"start":{"line":30,"column":10},"end":{"line":30,"column":72}},"18":{"start":{"line":31,"column":10},"end":{"line":31,"column":48}},"19":{"start":{"line":32,"column":10},"end":{"line":32,"column":78}},"20":{"start":{"line":33,"column":10},"end":{"line":33,"column":45}},"21":{"start":{"line":40,"column":2},"end":{"line":63,"column":3}},"22":{"start":{"line":40,"column":15},"end":{"line":40,"column":16}},"23":{"start":{"line":41,"column":24},"end":{"line":41,"column":45}},"24":{"start":{"line":42,"column":4},"end":{"line":62,"column":7}},"25":{"start":{"line":44,"column":6},"end":{"line":50,"column":7}},"26":{"start":{"line":45,"column":30},"end":{"line":45,"column":41}},"27":{"start":{"line":46,"column":8},"end":{"line":46,"column":70}},"28":{"start":{"line":47,"column":8},"end":{"line":47,"column":46}},"29":{"start":{"line":48,"column":8},"end":{"line":48,"column":76}},"30":{"start":{"line":49,"column":8},"end":{"line":49,"column":43}},"31":{"start":{"line":52,"column":28},"end":{"line":52,"column":67}},"32":{"start":{"line":53,"column":6},"end":{"line":61,"column":9}},"33":{"start":{"line":54,"column":8},"end":{"line":60,"column":9}},"34":{"start":{"line":55,"column":32},"end":{"line":55,"column":43}},"35":{"start":{"line":56,"column":10},"end":{"line":56,"column":72}},"36":{"start":{"line":57,"column":10},"end":{"line":57,"column":48}},"37":{"start":{"line":58,"column":10},"end":{"line":58,"column":78}},"38":{"start":{"line":59,"column":10},"end":{"line":59,"column":45}},"39":{"start":{"line":65,"column":2},"end":{"line":65,"column":22}},"40":{"start":{"line":68,"column":0},"end":{"line":68,"column":36}}},"fnMap":{"0":{"name":"getAnagramSolution","decl":{"start":{"line":4,"column":9},"end":{"line":4,"column":27}},"loc":{"start":{"line":10,"column":2},"end":{"line":66,"column":1}},"line":10},"1":{"name":"(anonymous_1)","decl":{"start":{"line":15,"column":29},"end":{"line":15,"column":30}},"loc":{"start":{"line":15,"column":50},"end":{"line":36,"column":5}},"line":15},"2":{"name":"(anonymous_2)","decl":{"start":{"line":27,"column":30},"end":{"line":27,"column":31}},"loc":{"start":{"line":27,"column":48},"end":{"line":35,"column":7}},"line":27},"3":{"name":"(anonymous_3)","decl":{"start":{"line":42,"column":28},"end":{"line":42,"column":29}},"loc":{"start":{"line":42,"column":49},"end":{"line":62,"column":5}},"line":42},"4":{"name":"(anonymous_4)","decl":{"start":{"line":53,"column":30},"end":{"line":53,"column":31}},"loc":{"start":{"line":53,"column":48},"end":{"line":61,"column":7}},"line":53}},"branchMap":{"0":{"loc":{"start":{"line":17,"column":6},"end":{"line":23,"column":7}},"type":"if","locations":[{"start":{"line":17,"column":6},"end":{"line":23,"column":7}},{"start":{"line":17,"column":6},"end":{"line":23,"column":7}}],"line":17},"1":{"loc":{"start":{"line":28,"column":8},"end":{"line":34,"column":9}},"type":"if","locations":[{"start":{"line":28,"column":8},"end":{"line":34,"column":9}},{"start":{"line":28,"column":8},"end":{"line":34,"column":9}}],"line":28},"2":{"loc":{"start":{"line":44,"column":6},"end":{"line":50,"column":7}},"type":"if","locations":[{"start":{"line":44,"column":6},"end":{"line":50,"column":7}},{"start":{"line":44,"column":6},"end":{"line":50,"column":7}}],"line":44},"3":{"loc":{"start":{"line":54,"column":8},"end":{"line":60,"column":9}},"type":"if","locations":[{"start":{"line":54,"column":8},"end":{"line":60,"column":9}},{"start":{"line":54,"column":8},"end":{"line":60,"column":9}}],"line":54}},"s":{"0":1,"1":1,"2":14,"3":14,"4":14,"5":31,"6":31,"7":960,"8":0,"9":0,"10":0,"11":0,"12":0,"13":960,"14":960,"15":192845,"16":48,"17":48,"18":48,"19":48,"20":48,"21":14,"22":14,"23":31,"24":31,"25":1131,"26":0,"27":0,"28":0,"29":0,"30":0,"31":1131,"32":1131,"33":233911,"34":57,"35":57,"36":57,"37":57,"38":57,"39":14,"40":1},"f":{"0":14,"1":960,"2":192845,"3":1131,"4":233911},"b":{"0":[0,960],"1":[48,192797],"2":[0,1131],"3":[57,233854]},"_coverageSchema":"43e27e138ebf9cfc5966b082cf9a028302ed4184","hash":"9de21611e03a5d01be458f913d47a598d0b77e6e"}
,"D:\\Final Project\\version1\\modules\\anagram\\check-anagram-indicator.js": {"path":"D:\\Final Project\\version1\\modules\\anagram\\check-anagram-indicator.js","statementMap":{"0":{"start":{"line":1,"column":9},"end":{"line":1,"column":22}},"1":{"start":{"line":11,"column":13},"end":{"line":11,"column":18}},"2":{"start":{"line":12,"column":2},"end":{"line":16,"column":5}},"3":{"start":{"line":13,"column":4},"end":{"line":15,"column":5}},"4":{"start":{"line":14,"column":6},"end":{"line":14,"column":27}},"5":{"start":{"line":17,"column":2},"end":{"line":17,"column":14}},"6":{"start":{"line":28,"column":14},"end":{"line":31,"column":16}},"7":{"start":{"line":33,"column":2},"end":{"line":35,"column":3}},"8":{"start":{"line":33,"column":15},"end":{"line":33,"column":16}},"9":{"start":{"line":34,"column":4},"end":{"line":34,"column":49}},"10":{"start":{"line":37,"column":2},"end":{"line":39,"column":3}},"11":{"start":{"line":38,"column":4},"end":{"line":38,"column":16}},"12":{"start":{"line":40,"column":2},"end":{"line":40,"column":15}},"13":{"start":{"line":43,"column":0},"end":{"line":43,"column":55}}},"fnMap":{"0":{"name":"checkIfCombinationHasAnagramIndicator","decl":{"start":{"line":10,"column":9},"end":{"line":10,"column":46}},"loc":{"start":{"line":10,"column":67},"end":{"line":18,"column":1}},"line":10},"1":{"name":"(anonymous_1)","decl":{"start":{"line":12,"column":29},"end":{"line":12,"column":30}},"loc":{"start":{"line":12,"column":46},"end":{"line":16,"column":3}},"line":12},"2":{"name":"isPhraseIndicator","decl":{"start":{"line":27,"column":9},"end":{"line":27,"column":26}},"loc":{"start":{"line":27,"column":35},"end":{"line":41,"column":1}},"line":27}},"branchMap":{"0":{"loc":{"start":{"line":13,"column":4},"end":{"line":15,"column":5}},"type":"if","locations":[{"start":{"line":13,"column":4},"end":{"line":15,"column":5}},{"start":{"line":13,"column":4},"end":{"line":15,"column":5}}],"line":13},"1":{"loc":{"start":{"line":37,"column":2},"end":{"line":39,"column":3}},"type":"if","locations":[{"start":{"line":37,"column":2},"end":{"line":39,"column":3}},{"start":{"line":37,"column":2},"end":{"line":39,"column":3}}],"line":37}},"s":{"0":2,"1":162,"2":162,"3":471,"4":20,"5":162,"6":471,"7":471,"8":471,"9":549186,"10":471,"11":20,"12":451,"13":2},"f":{"0":162,"1":471,"2":471},"b":{"0":[20,451],"1":[20,451]},"_coverageSchema":"43e27e138ebf9cfc5966b082cf9a028302ed4184","hash":"690c8cca0f69419842475f300bff8ffdb6ed7e31"}
,"D:\\Final Project\\version1\\modules\\anagram\\check-anagram.js": {"path":"D:\\Final Project\\version1\\modules\\anagram\\check-anagram.js","statementMap":{"0":{"start":{"line":9,"column":2},"end":{"line":9,"column":36}},"1":{"start":{"line":10,"column":2},"end":{"line":10,"column":36}},"2":{"start":{"line":12,"column":2},"end":{"line":14,"column":3}},"3":{"start":{"line":13,"column":4},"end":{"line":13,"column":17}},"4":{"start":{"line":16,"column":10},"end":{"line":16,"column":29}},"5":{"start":{"line":17,"column":10},"end":{"line":17,"column":29}},"6":{"start":{"line":18,"column":15},"end":{"line":18,"column":17}},"7":{"start":{"line":20,"column":2},"end":{"line":23,"column":3}},"8":{"start":{"line":20,"column":15},"end":{"line":20,"column":16}},"9":{"start":{"line":21,"column":16},"end":{"line":21,"column":36}},"10":{"start":{"line":22,"column":4},"end":{"line":22,"column":45}},"11":{"start":{"line":25,"column":2},"end":{"line":32,"column":3}},"12":{"start":{"line":25,"column":15},"end":{"line":25,"column":16}},"13":{"start":{"line":26,"column":16},"end":{"line":26,"column":36}},"14":{"start":{"line":27,"column":4},"end":{"line":31,"column":5}},"15":{"start":{"line":28,"column":6},"end":{"line":28,"column":19}},"16":{"start":{"line":30,"column":6},"end":{"line":30,"column":22}},"17":{"start":{"line":33,"column":2},"end":{"line":33,"column":14}},"18":{"start":{"line":36,"column":0},"end":{"line":36,"column":30}}},"fnMap":{"0":{"name":"checkAnagram","decl":{"start":{"line":8,"column":9},"end":{"line":8,"column":21}},"loc":{"start":{"line":8,"column":36},"end":{"line":34,"column":1}},"line":8}},"branchMap":{"0":{"loc":{"start":{"line":12,"column":2},"end":{"line":14,"column":3}},"type":"if","locations":[{"start":{"line":12,"column":2},"end":{"line":14,"column":3}},{"start":{"line":12,"column":2},"end":{"line":14,"column":3}}],"line":12},"1":{"loc":{"start":{"line":22,"column":21},"end":{"line":22,"column":39}},"type":"binary-expr","locations":[{"start":{"line":22,"column":21},"end":{"line":22,"column":34}},{"start":{"line":22,"column":38},"end":{"line":22,"column":39}}],"line":22},"2":{"loc":{"start":{"line":27,"column":4},"end":{"line":31,"column":5}},"type":"if","locations":[{"start":{"line":27,"column":4},"end":{"line":31,"column":5}},{"start":{"line":27,"column":4},"end":{"line":31,"column":5}}],"line":27}},"s":{"0":428850,"1":428850,"2":428850,"3":370827,"4":58023,"5":58023,"6":58023,"7":58023,"8":58023,"9":232102,"10":232102,"11":58023,"12":58023,"13":69677,"14":69677,"15":57917,"16":11760,"17":106,"18":2},"f":{"0":428850},"b":{"0":[370827,58023],"1":[232102,221021],"2":[57917,11760]},"_coverageSchema":"43e27e138ebf9cfc5966b082cf9a028302ed4184","hash":"87405c9f2fd26c8427c612b9e19b98f1a1fcd245"}
,"D:\\Final Project\\version1\\modules\\definitions\\generate-possible-definitions.js": {"path":"D:\\Final Project\\version1\\modules\\definitions\\generate-possible-definitions.js","statementMap":{"0":{"start":{"line":10,"column":20},"end":{"line":10,"column":31}},"1":{"start":{"line":11,"column":2},"end":{"line":13,"column":3}},"2":{"start":{"line":12,"column":4},"end":{"line":12,"column":27}},"3":{"start":{"line":14,"column":2},"end":{"line":23,"column":3}},"4":{"start":{"line":15,"column":4},"end":{"line":22,"column":5}},"5":{"start":{"line":16,"column":29},"end":{"line":16,"column":55}},"6":{"start":{"line":17,"column":6},"end":{"line":21,"column":9}},"7":{"start":{"line":18,"column":8},"end":{"line":20,"column":9}},"8":{"start":{"line":19,"column":10},"end":{"line":19,"column":43}},"9":{"start":{"line":25,"column":2},"end":{"line":25,"column":21}},"10":{"start":{"line":28,"column":0},"end":{"line":28,"column":45}}},"fnMap":{"0":{"name":"generatePossibleDefinitions","decl":{"start":{"line":9,"column":9},"end":{"line":9,"column":36}},"loc":{"start":{"line":9,"column":74},"end":{"line":26,"column":1}},"line":9},"1":{"name":"(anonymous_1)","decl":{"start":{"line":17,"column":31},"end":{"line":17,"column":32}},"loc":{"start":{"line":17,"column":49},"end":{"line":21,"column":7}},"line":17}},"branchMap":{"0":{"loc":{"start":{"line":11,"column":2},"end":{"line":13,"column":3}},"type":"if","locations":[{"start":{"line":11,"column":2},"end":{"line":13,"column":3}},{"start":{"line":11,"column":2},"end":{"line":13,"column":3}}],"line":11},"1":{"loc":{"start":{"line":15,"column":4},"end":{"line":22,"column":5}},"type":"if","locations":[{"start":{"line":15,"column":4},"end":{"line":22,"column":5}},{"start":{"line":15,"column":4},"end":{"line":22,"column":5}}],"line":15},"2":{"loc":{"start":{"line":18,"column":8},"end":{"line":20,"column":9}},"type":"if","locations":[{"start":{"line":18,"column":8},"end":{"line":20,"column":9}},{"start":{"line":18,"column":8},"end":{"line":20,"column":9}}],"line":18}},"s":{"0":324,"1":324,"2":36,"3":324,"4":3734,"5":323,"6":323,"7":85689,"8":10401,"9":324,"10":3},"f":{"0":324,"1":85689},"b":{"0":[36,288],"1":[323,3411],"2":[10401,75288]},"_coverageSchema":"43e27e138ebf9cfc5966b082cf9a028302ed4184","hash":"4befb24f6a4283bc0b9cdaac25739def27c5ea0f"}
,"D:\\Final Project\\version1\\modules\\double-definition\\double-definition-solutions.js": {"path":"D:\\Final Project\\version1\\modules\\double-definition\\double-definition-solutions.js","statementMap":{"0":{"start":{"line":8,"column":21},"end":{"line":8,"column":32}},"1":{"start":{"line":10,"column":2},"end":{"line":18,"column":5}},"2":{"start":{"line":11,"column":4},"end":{"line":17,"column":5}},"3":{"start":{"line":12,"column":28},"end":{"line":12,"column":39}},"4":{"start":{"line":13,"column":6},"end":{"line":13,"column":68}},"5":{"start":{"line":14,"column":6},"end":{"line":14,"column":54}},"6":{"start":{"line":15,"column":6},"end":{"line":15,"column":74}},"7":{"start":{"line":16,"column":6},"end":{"line":16,"column":41}},"8":{"start":{"line":20,"column":2},"end":{"line":20,"column":22}},"9":{"start":{"line":23,"column":0},"end":{"line":23,"column":45}}},"fnMap":{"0":{"name":"getDoubleDefinitionSolution","decl":{"start":{"line":7,"column":9},"end":{"line":7,"column":36}},"loc":{"start":{"line":7,"column":72},"end":{"line":21,"column":1}},"line":7},"1":{"name":"(anonymous_1)","decl":{"start":{"line":10,"column":27},"end":{"line":10,"column":28}},"loc":{"start":{"line":10,"column":48},"end":{"line":18,"column":3}},"line":10}},"branchMap":{"0":{"loc":{"start":{"line":11,"column":4},"end":{"line":17,"column":5}},"type":"if","locations":[{"start":{"line":11,"column":4},"end":{"line":17,"column":5}},{"start":{"line":11,"column":4},"end":{"line":17,"column":5}}],"line":11}},"s":{"0":64,"1":64,"2":1772,"3":105,"4":105,"5":105,"6":105,"7":105,"8":64,"9":2},"f":{"0":64,"1":1772},"b":{"0":[105,1667]},"_coverageSchema":"43e27e138ebf9cfc5966b082cf9a028302ed4184","hash":"f6adf47f1c2cc2e947354faf114898c9835646be"}
,"D:\\Final Project\\version1\\modules\\format\\possible-combinations.js": {"path":"D:\\Final Project\\version1\\modules\\format\\possible-combinations.js","statementMap":{"0":{"start":{"line":10,"column":20},"end":{"line":10,"column":31}},"1":{"start":{"line":11,"column":21},"end":{"line":11,"column":62}},"2":{"start":{"line":12,"column":2},"end":{"line":14,"column":3}},"3":{"start":{"line":13,"column":4},"end":{"line":13,"column":31}},"4":{"start":{"line":16,"column":2},"end":{"line":16,"column":31}},"5":{"start":{"line":28,"column":2},"end":{"line":33,"column":3}},"6":{"start":{"line":28,"column":15},"end":{"line":28,"column":16}},"7":{"start":{"line":29,"column":15},"end":{"line":29,"column":28}},"8":{"start":{"line":30,"column":15},"end":{"line":30,"column":42}},"9":{"start":{"line":31,"column":4},"end":{"line":31,"column":50}},"10":{"start":{"line":32,"column":4},"end":{"line":32,"column":63}},"11":{"start":{"line":34,"column":2},"end":{"line":34,"column":16}},"12":{"start":{"line":36,"column":0},"end":{"line":36,"column":41}}},"fnMap":{"0":{"name":"getPossibleCombinations","decl":{"start":{"line":9,"column":9},"end":{"line":9,"column":32}},"loc":{"start":{"line":9,"column":46},"end":{"line":17,"column":1}},"line":9},"1":{"name":"combinationRecursionHelper","decl":{"start":{"line":27,"column":9},"end":{"line":27,"column":35}},"loc":{"start":{"line":27,"column":63},"end":{"line":35,"column":1}},"line":27}},"branchMap":{"0":{"loc":{"start":{"line":27,"column":51},"end":{"line":27,"column":61}},"type":"default-arg","locations":[{"start":{"line":27,"column":59},"end":{"line":27,"column":61}}],"line":27}},"s":{"0":28,"1":28,"2":28,"3":188,"4":28,"5":188,"6":188,"7":160,"8":160,"9":160,"10":160,"11":188,"12":1},"f":{"0":28,"1":188},"b":{"0":[28]},"_coverageSchema":"43e27e138ebf9cfc5966b082cf9a028302ed4184","hash":"83106d691c3001e1b098b8f49edd81738c5ec0ac"}
,"D:\\Final Project\\version1\\modules\\format\\split-words.js": {"path":"D:\\Final Project\\version1\\modules\\format\\split-words.js","statementMap":{"0":{"start":{"line":9,"column":12},"end":{"line":9,"column":52}},"1":{"start":{"line":9,"column":40},"end":{"line":9,"column":51}},"2":{"start":{"line":10,"column":12},"end":{"line":10,"column":23}},"3":{"start":{"line":11,"column":2},"end":{"line":15,"column":5}},"4":{"start":{"line":12,"column":4},"end":{"line":14,"column":5}},"5":{"start":{"line":13,"column":6},"end":{"line":13,"column":24}},"6":{"start":{"line":16,"column":2},"end":{"line":16,"column":13}},"7":{"start":{"line":19,"column":0},"end":{"line":19,"column":27}}},"fnMap":{"0":{"name":"splitClue","decl":{"start":{"line":8,"column":9},"end":{"line":8,"column":18}},"loc":{"start":{"line":8,"column":25},"end":{"line":17,"column":1}},"line":8},"1":{"name":"(anonymous_1)","decl":{"start":{"line":9,"column":32},"end":{"line":9,"column":33}},"loc":{"start":{"line":9,"column":40},"end":{"line":9,"column":51}},"line":9},"2":{"name":"(anonymous_2)","decl":{"start":{"line":11,"column":14},"end":{"line":11,"column":15}},"loc":{"start":{"line":11,"column":25},"end":{"line":15,"column":3}},"line":11}},"branchMap":{"0":{"loc":{"start":{"line":12,"column":4},"end":{"line":14,"column":5}},"type":"if","locations":[{"start":{"line":12,"column":4},"end":{"line":14,"column":5}},{"start":{"line":12,"column":4},"end":{"line":14,"column":5}}],"line":12}},"s":{"0":31,"1":115,"2":31,"3":31,"4":115,"5":101,"6":31,"7":2},"f":{"0":31,"1":115,"2":115},"b":{"0":[101,14]},"_coverageSchema":"43e27e138ebf9cfc5966b082cf9a028302ed4184","hash":"02ebf8ef1b19c97b3a160ca6a36d89b6a2495c50"}
,"D:\\Final Project\\version1\\modules\\format\\validate-clue.js": {"path":"D:\\Final Project\\version1\\modules\\format\\validate-clue.js","statementMap":{"0":{"start":{"line":9,"column":24},"end":{"line":9,"column":71}},"1":{"start":{"line":10,"column":2},"end":{"line":10,"column":23}},"2":{"start":{"line":13,"column":0},"end":{"line":13,"column":30}}},"fnMap":{"0":{"name":"validateClue","decl":{"start":{"line":8,"column":9},"end":{"line":8,"column":21}},"loc":{"start":{"line":8,"column":28},"end":{"line":11,"column":1}},"line":8}},"branchMap":{},"s":{"0":32,"1":32,"2":2},"f":{"0":32},"b":{},"_coverageSchema":"43e27e138ebf9cfc5966b082cf9a028302ed4184","hash":"5526ea2e59f4f14b9a86d53d8d4526e851e76b09"}
,"D:\\Final Project\\version1\\modules\\solution\\does-solution-exist.js": {"path":"D:\\Final Project\\version1\\modules\\solution\\does-solution-exist.js","statementMap":{"0":{"start":{"line":2,"column":13},"end":{"line":2,"column":18}},"1":{"start":{"line":3,"column":2},"end":{"line":9,"column":5}},"2":{"start":{"line":4,"column":4},"end":{"line":8,"column":5}},"3":{"start":{"line":7,"column":6},"end":{"line":7,"column":18}},"4":{"start":{"line":10,"column":2},"end":{"line":10,"column":14}},"5":{"start":{"line":13,"column":0},"end":{"line":13,"column":35}}},"fnMap":{"0":{"name":"doesSolutionExist","decl":{"start":{"line":1,"column":9},"end":{"line":1,"column":26}},"loc":{"start":{"line":1,"column":58},"end":{"line":11,"column":1}},"line":1},"1":{"name":"(anonymous_1)","decl":{"start":{"line":3,"column":23},"end":{"line":3,"column":24}},"loc":{"start":{"line":3,"column":34},"end":{"line":9,"column":3}},"line":3}},"branchMap":{"0":{"loc":{"start":{"line":4,"column":4},"end":{"line":8,"column":5}},"type":"if","locations":[{"start":{"line":4,"column":4},"end":{"line":8,"column":5}},{"start":{"line":4,"column":4},"end":{"line":8,"column":5}}],"line":4}},"s":{"0":363,"1":363,"2":1572,"3":109,"4":363,"5":2},"f":{"0":363,"1":1572},"b":{"0":[109,1463]},"_coverageSchema":"43e27e138ebf9cfc5966b082cf9a028302ed4184","hash":"8035cd3a910697ca39991f4ad54df34412d4bc6c"}
,"D:\\Final Project\\version1\\modules\\solution\\generate-current-solution.js": {"path":"D:\\Final Project\\version1\\modules\\solution\\generate-current-solution.js","statementMap":{"0":{"start":{"line":1,"column":37},"end":{"line":1,"column":96}},"1":{"start":{"line":2,"column":26},"end":{"line":2,"column":58}},"2":{"start":{"line":3,"column":46},"end":{"line":3,"column":91}},"3":{"start":{"line":4,"column":36},"end":{"line":4,"column":91}},"4":{"start":{"line":5,"column":28},"end":{"line":5,"column":67}},"5":{"start":{"line":12,"column":21},"end":{"line":12,"column":32}},"6":{"start":{"line":13,"column":25},"end":{"line":17,"column":3}},"7":{"start":{"line":18,"column":24},"end":{"line":22,"column":3}},"8":{"start":{"line":25,"column":2},"end":{"line":44,"column":3}},"9":{"start":{"line":26,"column":36},"end":{"line":29,"column":5}},"10":{"start":{"line":31,"column":4},"end":{"line":43,"column":7}},"11":{"start":{"line":32,"column":6},"end":{"line":42,"column":7}},"12":{"start":{"line":33,"column":8},"end":{"line":40,"column":46}},"13":{"start":{"line":41,"column":8},"end":{"line":41,"column":59}},"14":{"start":{"line":47,"column":25},"end":{"line":49,"column":3}},"15":{"start":{"line":50,"column":2},"end":{"line":63,"column":3}},"16":{"start":{"line":51,"column":27},"end":{"line":57,"column":5}},"17":{"start":{"line":58,"column":4},"end":{"line":62,"column":7}},"18":{"start":{"line":59,"column":6},"end":{"line":61,"column":7}},"19":{"start":{"line":60,"column":8},"end":{"line":60,"column":50}},"20":{"start":{"line":65,"column":2},"end":{"line":65,"column":22}},"21":{"start":{"line":68,"column":0},"end":{"line":68,"column":41}}},"fnMap":{"0":{"name":"generateCurrentSolution","decl":{"start":{"line":7,"column":9},"end":{"line":7,"column":32}},"loc":{"start":{"line":11,"column":2},"end":{"line":66,"column":1}},"line":11},"1":{"name":"(anonymous_1)","decl":{"start":{"line":31,"column":38},"end":{"line":31,"column":39}},"loc":{"start":{"line":31,"column":73},"end":{"line":43,"column":5}},"line":31},"2":{"name":"(anonymous_2)","decl":{"start":{"line":58,"column":29},"end":{"line":58,"column":30}},"loc":{"start":{"line":58,"column":55},"end":{"line":62,"column":5}},"line":58}},"branchMap":{"0":{"loc":{"start":{"line":25,"column":2},"end":{"line":44,"column":3}},"type":"if","locations":[{"start":{"line":25,"column":2},"end":{"line":44,"column":3}},{"start":{"line":25,"column":2},"end":{"line":44,"column":3}}],"line":25},"1":{"loc":{"start":{"line":32,"column":6},"end":{"line":42,"column":7}},"type":"if","locations":[{"start":{"line":32,"column":6},"end":{"line":42,"column":7}},{"start":{"line":32,"column":6},"end":{"line":42,"column":7}}],"line":32},"2":{"loc":{"start":{"line":50,"column":2},"end":{"line":63,"column":3}},"type":"if","locations":[{"start":{"line":50,"column":2},"end":{"line":63,"column":3}},{"start":{"line":50,"column":2},"end":{"line":63,"column":3}}],"line":50},"3":{"loc":{"start":{"line":59,"column":6},"end":{"line":61,"column":7}},"type":"if","locations":[{"start":{"line":59,"column":6},"end":{"line":61,"column":7}},{"start":{"line":59,"column":6},"end":{"line":61,"column":7}}],"line":59}},"s":{"0":1,"1":1,"2":1,"3":1,"4":1,"5":160,"6":160,"7":160,"8":160,"9":63,"10":63,"11":95,"12":95,"13":95,"14":160,"15":160,"16":14,"17":14,"18":105,"19":66,"20":160,"21":1},"f":{"0":160,"1":95,"2":105},"b":{"0":[63,97],"1":[95,0],"2":[14,146],"3":[66,39]},"_coverageSchema":"43e27e138ebf9cfc5966b082cf9a028302ed4184","hash":"e5add74847a571b804cbd4772de379f7af83d833"}
,"D:\\Final Project\\version1\\modules\\solution\\generate-solution.js": {"path":"D:\\Final Project\\version1\\modules\\solution\\generate-solution.js","statementMap":{"0":{"start":{"line":1,"column":21},"end":{"line":1,"column":55}},"1":{"start":{"line":2,"column":18},"end":{"line":2,"column":50}},"2":{"start":{"line":3,"column":29},"end":{"line":3,"column":71}},"3":{"start":{"line":4,"column":22},"end":{"line":4,"column":60}},"4":{"start":{"line":5,"column":25},"end":{"line":5,"column":66}},"5":{"start":{"line":6,"column":32},"end":{"line":6,"column":80}},"6":{"start":{"line":8,"column":26},"end":{"line":8,"column":58}},"7":{"start":{"line":24,"column":2},"end":{"line":24,"column":24}},"8":{"start":{"line":25,"column":21},"end":{"line":25,"column":32}},"9":{"start":{"line":26,"column":2},"end":{"line":37,"column":3}},"10":{"start":{"line":27,"column":26},"end":{"line":31,"column":5}},"11":{"start":{"line":32,"column":4},"end":{"line":36,"column":7}},"12":{"start":{"line":33,"column":6},"end":{"line":35,"column":7}},"13":{"start":{"line":34,"column":8},"end":{"line":34,"column":35}},"14":{"start":{"line":38,"column":2},"end":{"line":38,"column":22}},"15":{"start":{"line":53,"column":22},"end":{"line":53,"column":40}},"16":{"start":{"line":54,"column":14},"end":{"line":54,"column":38}},"17":{"start":{"line":55,"column":2},"end":{"line":55,"column":51}},"18":{"start":{"line":56,"column":15},"end":{"line":56,"column":42}},"19":{"start":{"line":57,"column":2},"end":{"line":57,"column":47}},"20":{"start":{"line":60,"column":0},"end":{"line":60,"column":34}}},"fnMap":{"0":{"name":"generateSolution","decl":{"start":{"line":23,"column":15},"end":{"line":23,"column":31}},"loc":{"start":{"line":23,"column":54},"end":{"line":39,"column":1}},"line":23},"1":{"name":"(anonymous_1)","decl":{"start":{"line":32,"column":28},"end":{"line":32,"column":29}},"loc":{"start":{"line":32,"column":39},"end":{"line":36,"column":5}},"line":32},"2":{"name":"fillLists","decl":{"start":{"line":52,"column":15},"end":{"line":52,"column":24}},"loc":{"start":{"line":52,"column":31},"end":{"line":58,"column":1}},"line":52}},"branchMap":{"0":{"loc":{"start":{"line":33,"column":6},"end":{"line":35,"column":7}},"type":"if","locations":[{"start":{"line":33,"column":6},"end":{"line":35,"column":7}},{"start":{"line":33,"column":6},"end":{"line":35,"column":7}}],"line":33}},"s":{"0":1,"1":1,"2":1,"3":1,"4":1,"5":1,"6":1,"7":28,"8":28,"9":28,"10":160,"11":160,"12":161,"13":92,"14":28,"15":28,"16":28,"17":28,"18":28,"19":28,"20":1},"f":{"0":28,"1":161,"2":28},"b":{"0":[92,69]},"_coverageSchema":"43e27e138ebf9cfc5966b082cf9a028302ed4184","hash":"d7efa4e26f26e8067c0f967a6f5dc57f6ca94203"}
,"D:\\Final Project\\version1\\modules\\thesaurus\\generate-synonyms.js": {"path":"D:\\Final Project\\version1\\modules\\thesaurus\\generate-synonyms.js","statementMap":{"0":{"start":{"line":1,"column":13},"end":{"line":1,"column":28}},"1":{"start":{"line":2,"column":17},"end":{"line":2,"column":36}},"2":{"start":{"line":10,"column":21},"end":{"line":10,"column":32}},"3":{"start":{"line":11,"column":2},"end":{"line":13,"column":5}},"4":{"start":{"line":12,"column":4},"end":{"line":12,"column":61}},"5":{"start":{"line":15,"column":10},"end":{"line":15,"column":41}},"6":{"start":{"line":17,"column":17},"end":{"line":17,"column":28}},"7":{"start":{"line":18,"column":2},"end":{"line":46,"column":3}},"8":{"start":{"line":18,"column":15},"end":{"line":18,"column":16}},"9":{"start":{"line":19,"column":26},"end":{"line":19,"column":37}},"10":{"start":{"line":20,"column":19},"end":{"line":20,"column":30}},"11":{"start":{"line":21,"column":22},"end":{"line":21,"column":38}},"12":{"start":{"line":23,"column":17},"end":{"line":23,"column":41}},"13":{"start":{"line":24,"column":14},"end":{"line":24,"column":45}},"14":{"start":{"line":25,"column":22},"end":{"line":25,"column":26}},"15":{"start":{"line":27,"column":4},"end":{"line":31,"column":5}},"16":{"start":{"line":28,"column":6},"end":{"line":30,"column":9}},"17":{"start":{"line":29,"column":8},"end":{"line":29,"column":64}},"18":{"start":{"line":29,"column":41},"end":{"line":29,"column":64}},"19":{"start":{"line":33,"column":4},"end":{"line":37,"column":5}},"20":{"start":{"line":34,"column":6},"end":{"line":36,"column":9}},"21":{"start":{"line":35,"column":8},"end":{"line":35,"column":64}},"22":{"start":{"line":35,"column":41},"end":{"line":35,"column":64}},"23":{"start":{"line":39,"column":4},"end":{"line":41,"column":7}},"24":{"start":{"line":40,"column":6},"end":{"line":40,"column":72}},"25":{"start":{"line":40,"column":44},"end":{"line":40,"column":72}},"26":{"start":{"line":43,"column":4},"end":{"line":43,"column":42}},"27":{"start":{"line":44,"column":4},"end":{"line":44,"column":43}},"28":{"start":{"line":45,"column":4},"end":{"line":45,"column":35}},"29":{"start":{"line":48,"column":2},"end":{"line":48,"column":18}},"30":{"start":{"line":51,"column":0},"end":{"line":51,"column":30}}},"fnMap":{"0":{"name":"getWordplays","decl":{"start":{"line":9,"column":15},"end":{"line":9,"column":27}},"loc":{"start":{"line":9,"column":43},"end":{"line":49,"column":1}},"line":9},"1":{"name":"(anonymous_1)","decl":{"start":{"line":11,"column":24},"end":{"line":11,"column":25}},"loc":{"start":{"line":11,"column":41},"end":{"line":13,"column":3}},"line":11},"2":{"name":"(anonymous_2)","decl":{"start":{"line":28,"column":21},"end":{"line":28,"column":22}},"loc":{"start":{"line":28,"column":32},"end":{"line":30,"column":7}},"line":28},"3":{"name":"(anonymous_3)","decl":{"start":{"line":34,"column":18},"end":{"line":34,"column":19}},"loc":{"start":{"line":34,"column":29},"end":{"line":36,"column":7}},"line":34},"4":{"name":"(anonymous_4)","decl":{"start":{"line":39,"column":24},"end":{"line":39,"column":25}},"loc":{"start":{"line":39,"column":35},"end":{"line":41,"column":5}},"line":39}},"branchMap":{"0":{"loc":{"start":{"line":27,"column":4},"end":{"line":31,"column":5}},"type":"if","locations":[{"start":{"line":27,"column":4},"end":{"line":31,"column":5}},{"start":{"line":27,"column":4},"end":{"line":31,"column":5}}],"line":27},"1":{"loc":{"start":{"line":29,"column":8},"end":{"line":29,"column":64}},"type":"if","locations":[{"start":{"line":29,"column":8},"end":{"line":29,"column":64}},{"start":{"line":29,"column":8},"end":{"line":29,"column":64}}],"line":29},"2":{"loc":{"start":{"line":33,"column":4},"end":{"line":37,"column":5}},"type":"if","locations":[{"start":{"line":33,"column":4},"end":{"line":37,"column":5}},{"start":{"line":33,"column":4},"end":{"line":37,"column":5}}],"line":33},"3":{"loc":{"start":{"line":35,"column":8},"end":{"line":35,"column":64}},"type":"if","locations":[{"start":{"line":35,"column":8},"end":{"line":35,"column":64}},{"start":{"line":35,"column":8},"end":{"line":35,"column":64}}],"line":35},"4":{"loc":{"start":{"line":40,"column":6},"end":{"line":40,"column":72}},"type":"if","locations":[{"start":{"line":40,"column":6},"end":{"line":40,"column":72}},{"start":{"line":40,"column":6},"end":{"line":40,"column":72}}],"line":40}},"s":{"0":3,"1":3,"2":30,"3":30,"4":188,"5":30,"6":30,"7":30,"8":30,"9":188,"10":188,"11":188,"12":188,"13":188,"14":188,"15":188,"16":188,"17":20009,"18":20009,"19":188,"20":188,"21":11429,"22":1578,"23":188,"24":17410,"25":14888,"26":188,"27":188,"28":188,"29":30,"30":3},"f":{"0":30,"1":188,"2":20009,"3":11429,"4":17410},"b":{"0":[188,0],"1":[20009,0],"2":[188,0],"3":[1578,9851],"4":[14888,2522]},"_coverageSchema":"43e27e138ebf9cfc5966b082cf9a028302ed4184","hash":"2452d8e99e887a3755e16ca527eead62ff1afdb6"}
,"D:\\Final Project\\version1\\modules\\thesaurus\\get-synonyms.js": {"path":"D:\\Final Project\\version1\\modules\\thesaurus\\get-synonyms.js","statementMap":{"0":{"start":{"line":3,"column":2},"end":{"line":7,"column":3}},"1":{"start":{"line":4,"column":4},"end":{"line":6,"column":5}},"2":{"start":{"line":5,"column":6},"end":{"line":5,"column":44}},"3":{"start":{"line":8,"column":2},"end":{"line":8,"column":18}},"4":{"start":{"line":10,"column":0},"end":{"line":10,"column":29}}},"fnMap":{"0":{"name":"getSynonyms","decl":{"start":{"line":1,"column":9},"end":{"line":1,"column":20}},"loc":{"start":{"line":1,"column":40},"end":{"line":9,"column":1}},"line":1}},"branchMap":{"0":{"loc":{"start":{"line":4,"column":4},"end":{"line":6,"column":5}},"type":"if","locations":[{"start":{"line":4,"column":4},"end":{"line":6,"column":5}},{"start":{"line":4,"column":4},"end":{"line":6,"column":5}}],"line":4}},"s":{"0":2091,"1":25125,"2":2091,"3":2091,"4":1},"f":{"0":2091},"b":{"0":[2091,23034]},"_coverageSchema":"43e27e138ebf9cfc5966b082cf9a028302ed4184","hash":"ce663632b2fc93c7b61076f1c673b1e3b3f38948"}
,"D:\\Final Project\\version1\\modules\\thesaurus\\unique-phrases.js": {"path":"D:\\Final Project\\version1\\modules\\thesaurus\\unique-phrases.js","statementMap":{"0":{"start":{"line":9,"column":12},"end":{"line":9,"column":23}},"1":{"start":{"line":10,"column":2},"end":{"line":16,"column":5}},"2":{"start":{"line":11,"column":4},"end":{"line":15,"column":7}},"3":{"start":{"line":12,"column":6},"end":{"line":14,"column":7}},"4":{"start":{"line":13,"column":8},"end":{"line":13,"column":24}},"5":{"start":{"line":18,"column":2},"end":{"line":18,"column":13}},"6":{"start":{"line":21,"column":0},"end":{"line":21,"column":34}}},"fnMap":{"0":{"name":"getUniquePhrases","decl":{"start":{"line":8,"column":9},"end":{"line":8,"column":25}},"loc":{"start":{"line":8,"column":48},"end":{"line":19,"column":1}},"line":8},"1":{"name":"(anonymous_1)","decl":{"start":{"line":10,"column":31},"end":{"line":10,"column":32}},"loc":{"start":{"line":10,"column":42},"end":{"line":16,"column":3}},"line":10},"2":{"name":"(anonymous_2)","decl":{"start":{"line":11,"column":20},"end":{"line":11,"column":21}},"loc":{"start":{"line":11,"column":29},"end":{"line":15,"column":5}},"line":11}},"branchMap":{"0":{"loc":{"start":{"line":12,"column":6},"end":{"line":14,"column":7}},"type":"if","locations":[{"start":{"line":12,"column":6},"end":{"line":14,"column":7}},{"start":{"line":12,"column":6},"end":{"line":14,"column":7}}],"line":12}},"s":{"0":30,"1":30,"2":164,"3":473,"4":189,"5":30,"6":2},"f":{"0":30,"1":164,"2":473},"b":{"0":[189,284]},"_coverageSchema":"43e27e138ebf9cfc5966b082cf9a028302ed4184","hash":"5542a23919ef9a5520d8226cf33fea049e9ef697"}
,"D:\\Final Project\\version1\\tests\\solution\\solution-contains.js": {"path":"D:\\Final Project\\version1\\tests\\solution\\solution-contains.js","statementMap":{"0":{"start":{"line":9,"column":13},"end":{"line":9,"column":18}},"1":{"start":{"line":10,"column":2},"end":{"line":14,"column":5}},"2":{"start":{"line":11,"column":4},"end":{"line":13,"column":5}},"3":{"start":{"line":12,"column":6},"end":{"line":12,"column":18}},"4":{"start":{"line":16,"column":2},"end":{"line":16,"column":14}},"5":{"start":{"line":19,"column":0},"end":{"line":19,"column":45}}},"fnMap":{"0":{"name":"checkIfSolutionListContains","decl":{"start":{"line":8,"column":9},"end":{"line":8,"column":36}},"loc":{"start":{"line":8,"column":69},"end":{"line":17,"column":1}},"line":8},"1":{"name":"(anonymous_1)","decl":{"start":{"line":10,"column":23},"end":{"line":10,"column":24}},"loc":{"start":{"line":10,"column":34},"end":{"line":14,"column":3}},"line":10}},"branchMap":{"0":{"loc":{"start":{"line":11,"column":4},"end":{"line":13,"column":5}},"type":"if","locations":[{"start":{"line":11,"column":4},"end":{"line":13,"column":5}},{"start":{"line":11,"column":4},"end":{"line":13,"column":5}}],"line":11}},"s":{"0":28,"1":28,"2":92,"3":28,"4":28,"5":1},"f":{"0":28,"1":92},"b":{"0":[28,64]},"_coverageSchema":"43e27e138ebf9cfc5966b082cf9a028302ed4184","hash":"e2f67c731b7bd1cb651e58d179c4064e628728d8"}
}
