TN:
SF:D:\Final Project\version1\modules\anagram\anagram-solutions.js
FN:4,getAnagramSolution
FN:15,(anonymous_1)
FN:27,(anonymous_2)
FN:42,(anonymous_3)
FN:53,(anonymous_4)
FNF:5
FNH:5
FNDA:115,getAnagramSolution
FNDA:5682,(anonymous_1)
FNDA:1201349,(anonymous_2)
FNDA:6043,(anonymous_3)
FNDA:1250077,(anonymous_4)
DA:1,2
DA:2,2
DA:11,115
DA:13,115
DA:14,310
DA:15,310
DA:17,5682
DA:18,13
DA:19,13
DA:20,13
DA:21,13
DA:22,13
DA:26,5682
DA:27,5682
DA:28,1201349
DA:29,88
DA:30,88
DA:31,88
DA:32,88
DA:33,88
DA:40,115
DA:41,310
DA:42,310
DA:44,6043
DA:45,18
DA:46,18
DA:47,18
DA:48,18
DA:49,18
DA:52,6043
DA:53,6043
DA:54,1250077
DA:55,110
DA:56,110
DA:57,110
DA:58,110
DA:59,110
DA:65,115
DA:68,2
LF:39
LH:39
BRDA:17,0,0,13
BRDA:17,0,1,5669
BRDA:28,1,0,88
BRDA:28,1,1,1201261
BRDA:44,2,0,18
BRDA:44,2,1,6025
BRDA:54,3,0,110
BRDA:54,3,1,1249967
BRF:8
BRH:8
end_of_record
TN:
SF:D:\Final Project\version1\modules\anagram\check-anagram-indicator.js
FN:10,checkIfCombinationHasAnagramIndicator
FN:12,(anonymous_1)
FN:27,isPhraseIndicator
FNF:3
FNH:3
FNDA:545,checkIfCombinationHasAnagramIndicator
FNDA:1926,(anonymous_1)
FNDA:1926,isPhraseIndicator
DA:1,3
DA:11,545
DA:12,545
DA:13,1926
DA:14,127
DA:17,545
DA:28,1926
DA:33,1926
DA:34,2247642
DA:37,1926
DA:38,127
DA:40,1799
DA:43,3
LF:13
LH:13
BRDA:13,0,0,127
BRDA:13,0,1,1799
BRDA:37,1,0,127
BRDA:37,1,1,1799
BRF:4
BRH:4
end_of_record
TN:
SF:D:\Final Project\version1\modules\anagram\check-anagram.js
FN:8,checkAnagram
FNF:1
FNH:1
FNDA:2463154,checkAnagram
DA:9,2463154
DA:10,2463154
DA:12,2463154
DA:13,2194981
DA:16,268173
DA:17,268173
DA:18,268173
DA:20,268173
DA:21,1866731
DA:22,1866731
DA:25,268173
DA:26,391325
DA:27,391325
DA:28,267943
DA:30,123382
DA:33,230
DA:36,3
LF:17
LH:17
BRDA:12,0,0,2194981
BRDA:12,0,1,268173
BRDA:22,1,0,1866731
BRDA:22,1,1,1601192
BRDA:27,2,0,267943
BRDA:27,2,1,123382
BRF:6
BRH:6
end_of_record
TN:
SF:D:\Final Project\version1\modules\definitions\generate-possible-definitions.js
FN:9,generatePossibleDefinitions
FN:17,(anonymous_1)
FNF:2
FNH:2
FNDA:1090,generatePossibleDefinitions
FNDA:237043,(anonymous_1)
DA:10,1090
DA:11,1090
DA:12,90
DA:14,1090
DA:15,22200
DA:16,1089
DA:17,1089
DA:18,237043
DA:19,25410
DA:25,1090
DA:28,4
LF:11
LH:11
BRDA:11,0,0,90
BRDA:11,0,1,1000
BRDA:15,1,0,1089
BRDA:15,1,1,21111
BRDA:18,2,0,25410
BRDA:18,2,1,211633
BRF:6
BRH:6
end_of_record
TN:
SF:D:\Final Project\version1\modules\double-definition\double-definition-solutions.js
FN:7,getDoubleDefinitionSolution
FN:10,(anonymous_1)
FNF:2
FNH:2
FNDA:134,getDoubleDefinitionSolution
FNDA:2728,(anonymous_1)
DA:8,134
DA:10,134
DA:11,2728
DA:12,118
DA:13,118
DA:14,118
DA:15,118
DA:16,118
DA:20,134
DA:23,3
LF:10
LH:10
BRDA:11,0,0,118
BRDA:11,0,1,2610
BRF:2
BRH:2
end_of_record
TN:
SF:D:\Final Project\version1\modules\format\possible-combinations.js
FN:9,getPossibleCombinations
FN:27,combinationRecursionHelper
FNF:2
FNH:2
FNDA:49,getPossibleCombinations
FNDA:592,combinationRecursionHelper
DA:10,49
DA:11,49
DA:12,49
DA:13,592
DA:16,49
DA:28,592
DA:29,543
DA:30,543
DA:31,543
DA:32,543
DA:34,592
DA:36,2
LF:12
LH:12
BRDA:27,0,0,49
BRF:1
BRH:1
end_of_record
TN:
SF:D:\Final Project\version1\modules\format\split-words.js
FN:8,splitClue
FN:9,(anonymous_1)
FN:11,(anonymous_2)
FNF:3
FNH:3
FNDA:52,splitClue
FNDA:206,(anonymous_1)
FNDA:206,(anonymous_2)
DA:9,206
DA:10,52
DA:11,52
DA:12,206
DA:13,192
DA:16,52
DA:19,3
LF:7
LH:7
BRDA:12,0,0,192
BRDA:12,0,1,14
BRF:2
BRH:2
end_of_record
TN:
SF:D:\Final Project\version1\modules\format\validate-clue.js
FN:8,validateClue
FNF:1
FNH:1
FNDA:53,validateClue
DA:9,53
DA:10,53
DA:13,3
LF:3
LH:3
BRF:0
BRH:0
end_of_record
TN:
SF:D:\Final Project\version1\modules\solution\does-solution-exist.js
FN:1,doesSolutionExist
FN:3,(anonymous_1)
FNF:2
FNH:2
FNDA:609,doesSolutionExist
FNDA:2378,(anonymous_1)
DA:2,609
DA:3,609
DA:4,2378
DA:7,168
DA:10,609
DA:13,3
LF:6
LH:6
BRDA:4,0,0,168
BRDA:4,0,1,2210
BRF:2
BRH:2
end_of_record
TN:
SF:D:\Final Project\version1\modules\solution\generate-current-solution.js
FN:7,generateCurrentSolution
FN:31,(anonymous_1)
FN:58,(anonymous_2)
FNF:3
FNH:3
FNDA:543,generateCurrentSolution
FNDA:108,(anonymous_1)
FNDA:229,(anonymous_2)
DA:1,2
DA:2,2
DA:3,2
DA:4,2
DA:5,2
DA:12,543
DA:13,543
DA:18,543
DA:25,543
DA:26,133
DA:31,133
DA:32,108
DA:33,108
DA:41,108
DA:47,543
DA:50,543
DA:51,115
DA:58,115
DA:59,229
DA:60,162
DA:65,543
DA:68,2
LF:22
LH:22
BRDA:25,0,0,133
BRDA:25,0,1,410
BRDA:32,1,0,108
BRDA:32,1,1,0
BRDA:50,2,0,115
BRDA:50,2,1,428
BRDA:59,3,0,162
BRDA:59,3,1,67
BRF:8
BRH:7
end_of_record
TN:
SF:D:\Final Project\version1\modules\solution\generate-solution.js
FN:23,generateSolution
FN:32,(anonymous_1)
FN:52,fillLists
FNF:3
FNH:3
FNDA:49,generateSolution
FNDA:270,(anonymous_1)
FNDA:49,fillLists
DA:1,2
DA:2,2
DA:3,2
DA:4,2
DA:5,2
DA:6,2
DA:8,2
DA:24,49
DA:25,49
DA:26,49
DA:27,543
DA:32,543
DA:33,270
DA:34,170
DA:38,49
DA:53,49
DA:54,49
DA:55,49
DA:56,49
DA:57,49
DA:60,2
LF:21
LH:21
BRDA:33,0,0,170
BRDA:33,0,1,100
BRF:2
BRH:2
end_of_record
TN:
SF:D:\Final Project\version1\modules\thesaurus\generate-synonyms.js
FN:9,getWordplays
FN:11,(anonymous_1)
FN:28,(anonymous_2)
FN:34,(anonymous_3)
FN:39,(anonymous_4)
FNF:5
FNH:5
FNDA:51,getWordplays
FNDA:431,(anonymous_1)
FNDA:35108,(anonymous_2)
FNDA:19893,(anonymous_3)
FNDA:40565,(anonymous_4)
DA:1,4
DA:2,4
DA:10,51
DA:11,51
DA:12,431
DA:15,51
DA:17,51
DA:18,51
DA:19,431
DA:20,431
DA:21,431
DA:23,431
DA:24,431
DA:25,431
DA:27,431
DA:28,431
DA:29,35108
DA:33,431
DA:34,431
DA:35,19893
DA:39,431
DA:40,40565
DA:43,431
DA:44,431
DA:45,431
DA:48,51
DA:51,4
LF:27
LH:27
BRDA:27,0,0,431
BRDA:27,0,1,0
BRDA:29,1,0,35108
BRDA:29,1,1,0
BRDA:33,2,0,431
BRDA:33,2,1,0
BRDA:35,3,0,2598
BRDA:35,3,1,17295
BRDA:40,4,0,35894
BRDA:40,4,1,4671
BRF:10
BRH:7
end_of_record
TN:
SF:D:\Final Project\version1\modules\thesaurus\get-synonyms.js
FN:1,getSynonyms
FNF:1
FNH:1
FNDA:11725,getSynonyms
DA:3,11725
DA:4,188308
DA:5,11725
DA:8,11725
DA:10,2
LF:5
LH:5
BRDA:4,0,0,11725
BRDA:4,0,1,176583
BRF:2
BRH:2
end_of_record
TN:
SF:D:\Final Project\version1\modules\thesaurus\unique-phrases.js
FN:8,getUniquePhrases
FN:10,(anonymous_1)
FN:11,(anonymous_2)
FNF:3
FNH:3
FNDA:51,getUniquePhrases
FNDA:547,(anonymous_1)
FNDA:1928,(anonymous_2)
DA:9,51
DA:10,51
DA:11,547
DA:12,1928
DA:13,432
DA:18,51
DA:21,3
LF:7
LH:7
BRDA:12,0,0,432
BRDA:12,0,1,1496
BRF:2
BRH:2
end_of_record
TN:
SF:D:\Final Project\version1\tests\solution\solution-contains.js
FN:8,checkIfSolutionListContains
FN:10,(anonymous_1)
FNF:2
FNH:2
FNDA:49,checkIfSolutionListContains
FNDA:170,(anonymous_1)
DA:9,49
DA:10,49
DA:11,170
DA:12,49
DA:16,49
DA:19,2
LF:6
LH:6
BRDA:11,0,0,49
BRDA:11,0,1,121
BRF:2
BRH:2
end_of_record
