TN:
SF:D:\Final Project\version1\modules\anagram\anagram-solutions.js
FN:4,getAnagramSolution
FN:15,(anonymous_1)
FN:27,(anonymous_2)
FN:42,(anonymous_3)
FN:53,(anonymous_4)
FNF:5
FNH:5
FNDA:14,getAnagramSolution
FNDA:960,(anonymous_1)
FNDA:192845,(anonymous_2)
FNDA:1131,(anonymous_3)
FNDA:233911,(anonymous_4)
DA:1,1
DA:2,1
DA:11,14
DA:13,14
DA:14,31
DA:15,31
DA:17,960
DA:18,0
DA:19,0
DA:20,0
DA:21,0
DA:22,0
DA:26,960
DA:27,960
DA:28,192845
DA:29,48
DA:30,48
DA:31,48
DA:32,48
DA:33,48
DA:40,14
DA:41,31
DA:42,31
DA:44,1131
DA:45,0
DA:46,0
DA:47,0
DA:48,0
DA:49,0
DA:52,1131
DA:53,1131
DA:54,233911
DA:55,57
DA:56,57
DA:57,57
DA:58,57
DA:59,57
DA:65,14
DA:68,1
LF:39
LH:29
BRDA:17,0,0,0
BRDA:17,0,1,960
BRDA:28,1,0,48
BRDA:28,1,1,192797
BRDA:44,2,0,0
BRDA:44,2,1,1131
BRDA:54,3,0,57
BRDA:54,3,1,233854
BRF:8
BRH:6
end_of_record
TN:
SF:D:\Final Project\version1\modules\anagram\check-anagram-indicator.js
FN:10,checkIfCombinationHasAnagramIndicator
FN:12,(anonymous_1)
FN:27,isPhraseIndicator
FNF:3
FNH:3
FNDA:160,checkIfCombinationHasAnagramIndicator
FNDA:466,(anonymous_1)
FNDA:466,isPhraseIndicator
DA:1,1
DA:11,160
DA:12,160
DA:13,466
DA:14,19
DA:17,160
DA:28,466
DA:33,466
DA:34,543356
DA:37,466
DA:38,19
DA:40,447
DA:43,1
LF:13
LH:13
BRDA:13,0,0,19
BRDA:13,0,1,447
BRDA:37,1,0,19
BRDA:37,1,1,447
BRF:4
BRH:4
end_of_record
TN:
SF:D:\Final Project\version1\modules\anagram\check-anagram.js
FN:9,checkAnagram
FNF:1
FNH:1
FNDA:428847,checkAnagram
DA:10,428847
DA:11,428847
DA:13,428847
DA:14,370826
DA:17,58021
DA:18,58021
DA:19,58021
DA:21,58021
DA:22,232084
DA:23,232084
DA:26,58021
DA:27,69664
DA:28,69664
DA:29,57916
DA:31,11748
DA:34,105
DA:37,1
LF:17
LH:17
BRDA:13,0,0,370826
BRDA:13,0,1,58021
BRDA:23,1,0,232084
BRDA:23,1,1,221007
BRDA:28,2,0,57916
BRDA:28,2,1,11748
BRF:6
BRH:6
end_of_record
TN:
SF:D:\Final Project\version1\modules\definitions\generate-possible-definitions.js
FN:9,generatePossibleDefinitions
FN:17,(anonymous_1)
FNF:2
FNH:2
FNDA:324,generatePossibleDefinitions
FNDA:85689,(anonymous_1)
DA:10,324
DA:11,324
DA:12,36
DA:14,324
DA:15,3734
DA:16,323
DA:17,323
DA:18,85689
DA:19,10401
DA:25,324
DA:28,3
LF:11
LH:11
BRDA:11,0,0,36
BRDA:11,0,1,288
BRDA:15,1,0,323
BRDA:15,1,1,3411
BRDA:18,2,0,10401
BRDA:18,2,1,75288
BRF:6
BRH:6
end_of_record
TN:
SF:D:\Final Project\version1\modules\double-definition\double-definition-solutions.js
FN:7,getDoubleDefinitionSolution
FN:10,(anonymous_1)
FNF:2
FNH:2
FNDA:64,getDoubleDefinitionSolution
FNDA:1772,(anonymous_1)
DA:8,64
DA:10,64
DA:11,1772
DA:12,105
DA:13,105
DA:14,105
DA:15,105
DA:16,105
DA:20,64
DA:23,2
LF:10
LH:10
BRDA:11,0,0,105
BRDA:11,0,1,1667
BRF:2
BRH:2
end_of_record
TN:
SF:D:\Final Project\version1\modules\format\possible-combinations.js
FN:9,getPossibleCombinations
FN:27,combinationRecursionHelper
FNF:2
FNH:2
FNDA:28,getPossibleCombinations
FNDA:188,combinationRecursionHelper
DA:10,28
DA:11,28
DA:12,28
DA:13,188
DA:16,28
DA:28,188
DA:29,160
DA:30,160
DA:31,160
DA:32,160
DA:34,188
DA:36,1
LF:12
LH:12
BRDA:27,0,0,28
BRF:1
BRH:1
end_of_record
TN:
SF:D:\Final Project\version1\modules\format\split-words.js
FN:8,splitClue
FN:9,(anonymous_1)
FN:11,(anonymous_2)
FNF:3
FNH:3
FNDA:31,splitClue
FNDA:115,(anonymous_1)
FNDA:115,(anonymous_2)
DA:9,115
DA:10,31
DA:11,31
DA:12,115
DA:13,101
DA:16,31
DA:19,2
LF:7
LH:7
BRDA:12,0,0,101
BRDA:12,0,1,14
BRF:2
BRH:2
end_of_record
TN:
SF:D:\Final Project\version1\modules\format\validate-clue.js
FN:8,validateClue
FNF:1
FNH:1
FNDA:32,validateClue
DA:9,32
DA:10,32
DA:13,2
LF:3
LH:3
BRF:0
BRH:0
end_of_record
TN:
SF:D:\Final Project\version1\modules\solution\does-solution-exist.js
FN:1,doesSolutionExist
FN:3,(anonymous_1)
FNF:2
FNH:2
FNDA:363,doesSolutionExist
FNDA:1572,(anonymous_1)
DA:2,363
DA:3,363
DA:4,1572
DA:7,109
DA:10,363
DA:13,2
LF:6
LH:6
BRDA:4,0,0,109
BRDA:4,0,1,1463
BRF:2
BRH:2
end_of_record
TN:
SF:D:\Final Project\version1\modules\solution\generate-current-solution.js
FN:7,generateCurrentSolution
FN:31,(anonymous_1)
FN:50,(anonymous_2)
FNF:3
FNH:3
FNDA:160,generateCurrentSolution
FNDA:95,(anonymous_1)
FNDA:105,(anonymous_2)
DA:1,1
DA:2,1
DA:3,1
DA:4,1
DA:5,1
DA:12,160
DA:13,160
DA:18,160
DA:25,160
DA:26,63
DA:31,63
DA:32,95
DA:33,95
DA:39,160
DA:42,160
DA:43,14
DA:50,14
DA:51,105
DA:52,66
DA:57,160
DA:60,1
LF:21
LH:21
BRDA:25,0,0,63
BRDA:25,0,1,97
BRDA:32,1,0,95
BRDA:32,1,1,0
BRDA:42,2,0,14
BRDA:42,2,1,146
BRDA:51,3,0,66
BRDA:51,3,1,39
BRF:8
BRH:7
end_of_record
TN:
SF:D:\Final Project\version1\modules\solution\generate-solution.js
FN:23,generateSolution
FN:32,(anonymous_1)
FN:52,fillLists
FNF:3
FNH:3
FNDA:28,generateSolution
FNDA:161,(anonymous_1)
FNDA:28,fillLists
DA:1,1
DA:2,1
DA:3,1
DA:4,1
DA:5,1
DA:6,1
DA:8,1
DA:24,28
DA:25,28
DA:26,28
DA:27,160
DA:32,160
DA:33,161
DA:34,92
DA:38,28
DA:53,28
DA:54,28
DA:55,28
DA:56,28
DA:57,28
DA:60,1
LF:21
LH:21
BRDA:33,0,0,92
BRDA:33,0,1,69
BRF:2
BRH:2
end_of_record
TN:
SF:D:\Final Project\version1\modules\thesaurus\generate-synonyms.js
FN:9,getWordplays
FN:11,(anonymous_1)
FN:28,(anonymous_2)
FN:34,(anonymous_3)
FN:39,(anonymous_4)
FNF:5
FNH:5
FNDA:30,getWordplays
FNDA:188,(anonymous_1)
FNDA:20009,(anonymous_2)
FNDA:11429,(anonymous_3)
FNDA:17410,(anonymous_4)
DA:1,3
DA:2,3
DA:10,30
DA:11,30
DA:12,188
DA:15,30
DA:17,30
DA:18,30
DA:19,188
DA:20,188
DA:21,188
DA:23,188
DA:24,188
DA:25,188
DA:27,188
DA:28,188
DA:29,20009
DA:33,188
DA:34,188
DA:35,11429
DA:39,188
DA:40,17410
DA:43,188
DA:44,188
DA:45,188
DA:48,30
DA:51,3
LF:27
LH:27
BRDA:27,0,0,188
BRDA:27,0,1,0
BRDA:29,1,0,20009
BRDA:29,1,1,0
BRDA:33,2,0,188
BRDA:33,2,1,0
BRDA:35,3,0,1578
BRDA:35,3,1,9851
BRDA:40,4,0,14888
BRDA:40,4,1,2522
BRF:10
BRH:7
end_of_record
TN:
SF:D:\Final Project\version1\modules\thesaurus\get-synonyms.js
FN:1,getSynonyms
FNF:1
FNH:1
FNDA:2091,getSynonyms
DA:3,2091
DA:4,25125
DA:5,2091
DA:8,2091
DA:10,1
LF:5
LH:5
BRDA:4,0,0,2091
BRDA:4,0,1,23034
BRF:2
BRH:2
end_of_record
TN:
SF:D:\Final Project\version1\modules\thesaurus\unique-phrases.js
FN:8,getUniquePhrases
FN:10,(anonymous_1)
FN:11,(anonymous_2)
FNF:3
FNH:3
FNDA:30,getUniquePhrases
FNDA:164,(anonymous_1)
FNDA:473,(anonymous_2)
DA:9,30
DA:10,30
DA:11,164
DA:12,473
DA:13,189
DA:18,30
DA:21,2
LF:7
LH:7
BRDA:12,0,0,189
BRDA:12,0,1,284
BRF:2
BRH:2
end_of_record
TN:
SF:D:\Final Project\version1\tests\solution\solution-contains.js
FN:8,checkIfSolutionListContains
FN:10,(anonymous_1)
FNF:2
FNH:2
FNDA:28,checkIfSolutionListContains
FNDA:92,(anonymous_1)
DA:9,28
DA:10,28
DA:11,92
DA:12,28
DA:16,28
DA:19,1
LF:6
LH:6
BRDA:11,0,0,28
BRDA:11,0,1,64
BRF:2
BRH:2
end_of_record
